Using pre-set license
Built from '2020.3/staging' branch; Version is '2020.3.0f1 (c7b5465681fb) revision 13088070'; Using compiler version '192528614'; Build Type 'Release'
OS: 'Windows 10 Home; OS build 19042.985; Version 2009; 64bit' Language: 'de' Physical Memory: 8079 MB
BatchMode: 1, IsHumanControllingUs: 0, StartBugReporterOnCrash: 0, Is64bit: 1, IsPro: 0

 COMMAND LINE ARGUMENTS:
C:\Program Files\Unity\Hub\Editor\2020.3.0f1\Editor\Unity.exe
-adb2
-batchMode
-noUpm
-name
AssetImportWorker0
-projectPath
D:/Git/ba_2021_voigtlaender_code/2021_ba_voigtlaender
-logFile
Logs/AssetImportWorker0.log
-srvPort
62588
Successfully changed project path to: D:/Git/ba_2021_voigtlaender_code/2021_ba_voigtlaender
D:/Git/ba_2021_voigtlaender_code/2021_ba_voigtlaender
Using Asset Import Pipeline V2.
Refreshing native plugins compatible for Editor in 93.07 ms, found 3 plugins.
Preloading 1 native plugins for Editor in 1.14 ms.
Initialize engine version: 2020.3.0f1 (c7b5465681fb)
[Subsystems] Discovering subsystems at path C:/Program Files/Unity/Hub/Editor/2020.3.0f1/Editor/Data/Resources/UnitySubsystems
[Subsystems] Discovering subsystems at path D:/Git/ba_2021_voigtlaender_code/2021_ba_voigtlaender/Assets
GfxDevice: creating device client; threaded=0
Direct3D:
    Version:  Direct3D 11.0 [level 11.1]
    Renderer: NVIDIA GeForce GTX 1070 (ID=0x1b81)
    Vendor:   
    VRAM:     8088 MB
    Driver:   27.21.14.6647
Shader 'Universal Render Pipeline/Particles/Lit': fallback shader 'Universal Render Pipeline/Particles/SimpleLit' not found
Initialize mono
Mono path[0] = 'C:/Program Files/Unity/Hub/Editor/2020.3.0f1/Editor/Data/Managed'
Mono path[1] = 'C:/Program Files/Unity/Hub/Editor/2020.3.0f1/Editor/Data/MonoBleedingEdge/lib/mono/unityjit'
Mono config path = 'C:/Program Files/Unity/Hub/Editor/2020.3.0f1/Editor/Data/MonoBleedingEdge/etc'
Using monoOptions --debugger-agent=transport=dt_socket,embedding=1,server=y,suspend=n,address=127.0.0.1:56980
Begin MonoManager ReloadAssembly
Registering precompiled unity dll's ...
Register platform support module: C:/Program Files/Unity/Hub/Editor/2020.3.0f1/Editor/Data/PlaybackEngines/WebGLSupport/UnityEditor.WebGL.Extensions.dll
Register platform support module: C:/Program Files/Unity/Hub/Editor/2020.3.0f1/Editor/Data/PlaybackEngines/WindowsStandaloneSupport/UnityEditor.WindowsStandalone.Extensions.dll
Registered in 0.006448 seconds.
Native extension for WindowsStandalone target not found
Native extension for WebGL target not found
Refreshing native plugins compatible for Editor in 141.63 ms, found 3 plugins.
Preloading 1 native plugins for Editor in 0.09 ms.
Invoked RoslynAnalysisRunner static constructor.
RoslynAnalysisRunner will not be running.
RoslynAnalysisRunner has terminated.
Mono: successfully reloaded assembly
- Completed reload, in  6.517 seconds
Platform modules already initialized, skipping
Registering precompiled user dll's ...
Registered in 0.002589 seconds.
Begin MonoManager ReloadAssembly
Native extension for WindowsStandalone target not found
Native extension for WebGL target not found
Refreshing native plugins compatible for Editor in 87.24 ms, found 3 plugins.
Preloading 1 native plugins for Editor in 0.09 ms.
Invoked RoslynAnalysisRunner static constructor.
RoslynAnalysisRunner will not be running.
RoslynAnalysisRunner has terminated.
NullReferenceException: Object reference not set to an instance of an object
  at Unity.XR.Oculus.OculusLoader.AssetPathToAbsolutePath (System.String assetPath) [0x0004c] in D:\Git\ba_2021_voigtlaender_code\2021_ba_voigtlaender\Library\PackageCache\com.unity.xr.oculus@1.8.1\Runtime\OculusLoader.cs:243 
  at Unity.XR.Oculus.OculusLoader.EditorLoadOVRPlugin () [0x000b0] in D:\Git\ba_2021_voigtlaender_code\2021_ba_voigtlaender\Library\PackageCache\com.unity.xr.oculus@1.8.1\Runtime\OculusLoader.cs:228 

(Filename: Library/PackageCache/com.unity.xr.oculus@1.8.1/Runtime/OculusLoader.cs Line: 243)

Mono: successfully reloaded assembly
- Completed reload, in  2.052 seconds
Platform modules already initialized, skipping
========================================================================
Worker process is ready to serve import requests
Shader 'Universal Render Pipeline/Particles/Lit': fallback shader 'Universal Render Pipeline/Particles/SimpleLit' not found
Launched and connected shader compiler UnityShaderCompiler.exe after 0.06 seconds
Refreshing native plugins compatible for Editor in 0.74 ms, found 3 plugins.
Preloading 1 native plugins for Editor in 0.07 ms.
Unloading 2967 Unused Serialized files (Serialized files now loaded: 0)
System memory in use before: 133.1 MB.
System memory in use after: 133.2 MB.

Unloading 14 unused Assets to reduce memory usage. Loaded Objects now: 3414.
Total: 2.919000 ms (FindLiveObjects: 0.292600 ms CreateObjectMapping: 0.138500 ms MarkObjects: 2.362600 ms  DeleteObjects: 0.123600 ms)

========================================================================
Received Import Request.
  path: Assets/Scripts/NewBehaviourScript.cs
  artifactKey: Guid(1f132efcdbee47f469972c15bd5e9053) Importer(815301076,1909f56bfc062723c751e8b465ee728b)
Start importing Assets/Scripts/NewBehaviourScript.cs using Guid(1f132efcdbee47f469972c15bd5e9053) Importer(815301076,1909f56bfc062723c751e8b465ee728b)  -> (artifact id: 'aa8574ef0c3bcb344177fdb545b1495e') in 0.058083 seconds
  Import took 0.069725 seconds .

========================================================================
Received Prepare
Registering precompiled user dll's ...
Registered in 0.004268 seconds.
Begin MonoManager ReloadAssembly
Native extension for WindowsStandalone target not found
Native extension for WebGL target not found
Refreshing native plugins compatible for Editor in 0.80 ms, found 3 plugins.
Preloading 1 native plugins for Editor in 0.07 ms.
Invoked RoslynAnalysisRunner static constructor.
RoslynAnalysisRunner will not be running.
RoslynAnalysisRunner has terminated.
NullReferenceException: Object reference not set to an instance of an object
  at Unity.XR.Oculus.OculusLoader.AssetPathToAbsolutePath (System.String assetPath) [0x0004c] in D:\Git\ba_2021_voigtlaender_code\2021_ba_voigtlaender\Library\PackageCache\com.unity.xr.oculus@1.8.1\Runtime\OculusLoader.cs:243 
  at Unity.XR.Oculus.OculusLoader.EditorLoadOVRPlugin () [0x000b0] in D:\Git\ba_2021_voigtlaender_code\2021_ba_voigtlaender\Library\PackageCache\com.unity.xr.oculus@1.8.1\Runtime\OculusLoader.cs:228 

(Filename: Library/PackageCache/com.unity.xr.oculus@1.8.1/Runtime/OculusLoader.cs Line: 243)

Mono: successfully reloaded assembly
- Completed reload, in  1.541 seconds
Platform modules already initialized, skipping
Shader 'Universal Render Pipeline/Particles/Lit': fallback shader 'Universal Render Pipeline/Particles/SimpleLit' not found
Refreshing native plugins compatible for Editor in 0.71 ms, found 3 plugins.
Preloading 1 native plugins for Editor in 0.07 ms.
Unloading 2833 Unused Serialized files (Serialized files now loaded: 0)
System memory in use before: 125.9 MB.
System memory in use after: 126.2 MB.

Unloading 8 unused Assets to reduce memory usage. Loaded Objects now: 3417.
Total: 2.795300 ms (FindLiveObjects: 0.288700 ms CreateObjectMapping: 0.148600 ms MarkObjects: 2.281000 ms  DeleteObjects: 0.075400 ms)

========================================================================
Received Import Request.
  Time since last request: 23.064141 seconds.
  path: Assets/Scripts/CoreStructure
  artifactKey: Guid(2a11b5b0a021677459a8c2412556225e) Importer(815301076,1909f56bfc062723c751e8b465ee728b)
Start importing Assets/Scripts/CoreStructure using Guid(2a11b5b0a021677459a8c2412556225e) Importer(815301076,1909f56bfc062723c751e8b465ee728b)  -> (artifact id: '69fd5d3c09b9e73824ae4a08aa1a2638') in 0.015948 seconds
  Import took 0.024153 seconds .

========================================================================
Received Import Request.
  Time since last request: 32.981307 seconds.
  path: Assets/Scripts/CoreStructure/NewBehaviourScript.cs
  artifactKey: Guid(5641f318273bcba4ab2c962c3ab3931e) Importer(815301076,1909f56bfc062723c751e8b465ee728b)
Start importing Assets/Scripts/CoreStructure/NewBehaviourScript.cs using Guid(5641f318273bcba4ab2c962c3ab3931e) Importer(815301076,1909f56bfc062723c751e8b465ee728b)  -> (artifact id: '19641f2ae98c835acd73f2abc8b19354') in 0.017408 seconds
  Import took 0.033042 seconds .

========================================================================
Received Prepare
Registering precompiled user dll's ...
Registered in 0.002486 seconds.
Begin MonoManager ReloadAssembly
Native extension for WindowsStandalone target not found
Native extension for WebGL target not found
Refreshing native plugins compatible for Editor in 0.71 ms, found 3 plugins.
Preloading 1 native plugins for Editor in 0.08 ms.
Invoked RoslynAnalysisRunner static constructor.
RoslynAnalysisRunner will not be running.
RoslynAnalysisRunner has terminated.
NullReferenceException: Object reference not set to an instance of an object
  at Unity.XR.Oculus.OculusLoader.AssetPathToAbsolutePath (System.String assetPath) [0x0004c] in D:\Git\ba_2021_voigtlaender_code\2021_ba_voigtlaender\Library\PackageCache\com.unity.xr.oculus@1.8.1\Runtime\OculusLoader.cs:243 
  at Unity.XR.Oculus.OculusLoader.EditorLoadOVRPlugin () [0x000b0] in D:\Git\ba_2021_voigtlaender_code\2021_ba_voigtlaender\Library\PackageCache\com.unity.xr.oculus@1.8.1\Runtime\OculusLoader.cs:228 

(Filename: Library/PackageCache/com.unity.xr.oculus@1.8.1/Runtime/OculusLoader.cs Line: 243)

Mono: successfully reloaded assembly
- Completed reload, in  1.434 seconds
Platform modules already initialized, skipping
Shader 'Universal Render Pipeline/Particles/Lit': fallback shader 'Universal Render Pipeline/Particles/SimpleLit' not found
Refreshing native plugins compatible for Editor in 0.67 ms, found 3 plugins.
Preloading 1 native plugins for Editor in 0.07 ms.
Unloading 2834 Unused Serialized files (Serialized files now loaded: 0)
System memory in use before: 126.0 MB.
System memory in use after: 126.2 MB.

Unloading 7 unused Assets to reduce memory usage. Loaded Objects now: 3422.
Total: 2.764500 ms (FindLiveObjects: 0.274800 ms CreateObjectMapping: 0.136500 ms MarkObjects: 2.250000 ms  DeleteObjects: 0.101800 ms)

========================================================================
Received Prepare
Registering precompiled user dll's ...
Registered in 0.002337 seconds.
Begin MonoManager ReloadAssembly
Native extension for WindowsStandalone target not found
Native extension for WebGL target not found
Refreshing native plugins compatible for Editor in 0.68 ms, found 3 plugins.
Preloading 1 native plugins for Editor in 0.10 ms.
Invoked RoslynAnalysisRunner static constructor.
RoslynAnalysisRunner will not be running.
RoslynAnalysisRunner has terminated.
NullReferenceException: Object reference not set to an instance of an object
  at Unity.XR.Oculus.OculusLoader.AssetPathToAbsolutePath (System.String assetPath) [0x0004c] in D:\Git\ba_2021_voigtlaender_code\2021_ba_voigtlaender\Library\PackageCache\com.unity.xr.oculus@1.8.1\Runtime\OculusLoader.cs:243 
  at Unity.XR.Oculus.OculusLoader.EditorLoadOVRPlugin () [0x000b0] in D:\Git\ba_2021_voigtlaender_code\2021_ba_voigtlaender\Library\PackageCache\com.unity.xr.oculus@1.8.1\Runtime\OculusLoader.cs:228 

(Filename: Library/PackageCache/com.unity.xr.oculus@1.8.1/Runtime/OculusLoader.cs Line: 243)

Mono: successfully reloaded assembly
- Completed reload, in  1.396 seconds
Platform modules already initialized, skipping
Shader 'Universal Render Pipeline/Particles/Lit': fallback shader 'Universal Render Pipeline/Particles/SimpleLit' not found
Refreshing native plugins compatible for Editor in 0.71 ms, found 3 plugins.
Preloading 1 native plugins for Editor in 0.07 ms.
Unloading 2833 Unused Serialized files (Serialized files now loaded: 0)
System memory in use before: 126.0 MB.
System memory in use after: 126.2 MB.

Unloading 8 unused Assets to reduce memory usage. Loaded Objects now: 3425.
Total: 3.311300 ms (FindLiveObjects: 0.355400 ms CreateObjectMapping: 0.253700 ms MarkObjects: 2.624500 ms  DeleteObjects: 0.075700 ms)

========================================================================
Received Import Request.
  Time since last request: 353.691421 seconds.
  path: Assets/Scripts/CoreStructure/VRLogicElement.cs
  artifactKey: Guid(4fc61f6ff43df394298936f6c247887e) Importer(815301076,1909f56bfc062723c751e8b465ee728b)
Start importing Assets/Scripts/CoreStructure/VRLogicElement.cs using Guid(4fc61f6ff43df394298936f6c247887e) Importer(815301076,1909f56bfc062723c751e8b465ee728b)  -> (artifact id: '13a0c805ae205e79cb87cadc8fc45b3b') in 0.022805 seconds
  Import took 0.036496 seconds .

========================================================================
Received Import Request.
  Time since last request: 0.003076 seconds.
  path: Assets/Scripts/CoreStructure/VRLogicElement.cs
  artifactKey: Guid(4fc61f6ff43df394298936f6c247887e) Importer(815301076,1909f56bfc062723c751e8b465ee728b)
Start importing Assets/Scripts/CoreStructure/VRLogicElement.cs using Guid(4fc61f6ff43df394298936f6c247887e) Importer(815301076,1909f56bfc062723c751e8b465ee728b)  -> (artifact id: '13a0c805ae205e79cb87cadc8fc45b3b') in 0.004000 seconds
  Import took 0.014430 seconds .

========================================================================
Received Prepare
Registering precompiled user dll's ...
Registered in 0.010246 seconds.
Begin MonoManager ReloadAssembly
Native extension for WindowsStandalone target not found
Native extension for WebGL target not found
Refreshing native plugins compatible for Editor in 0.70 ms, found 3 plugins.
Preloading 1 native plugins for Editor in 0.09 ms.
Invoked RoslynAnalysisRunner static constructor.
RoslynAnalysisRunner will not be running.
RoslynAnalysisRunner has terminated.
NullReferenceException: Object reference not set to an instance of an object
  at Unity.XR.Oculus.OculusLoader.AssetPathToAbsolutePath (System.String assetPath) [0x0004c] in D:\Git\ba_2021_voigtlaender_code\2021_ba_voigtlaender\Library\PackageCache\com.unity.xr.oculus@1.8.1\Runtime\OculusLoader.cs:243 
  at Unity.XR.Oculus.OculusLoader.EditorLoadOVRPlugin () [0x000b0] in D:\Git\ba_2021_voigtlaender_code\2021_ba_voigtlaender\Library\PackageCache\com.unity.xr.oculus@1.8.1\Runtime\OculusLoader.cs:228 

(Filename: Library/PackageCache/com.unity.xr.oculus@1.8.1/Runtime/OculusLoader.cs Line: 243)

Mono: successfully reloaded assembly
- Completed reload, in  2.219 seconds
Platform modules already initialized, skipping
Shader 'Universal Render Pipeline/Particles/Lit': fallback shader 'Universal Render Pipeline/Particles/SimpleLit' not found
Refreshing native plugins compatible for Editor in 0.74 ms, found 3 plugins.
Preloading 1 native plugins for Editor in 0.08 ms.
Unloading 2834 Unused Serialized files (Serialized files now loaded: 0)
System memory in use before: 126.1 MB.
System memory in use after: 126.3 MB.

Unloading 7 unused Assets to reduce memory usage. Loaded Objects now: 3430.
Total: 9.837100 ms (FindLiveObjects: 0.298300 ms CreateObjectMapping: 0.144800 ms MarkObjects: 9.310800 ms  DeleteObjects: 0.081400 ms)

========================================================================
Received Prepare
Registering precompiled user dll's ...
Registered in 0.011583 seconds.
Begin MonoManager ReloadAssembly
Native extension for WindowsStandalone target not found
Native extension for WebGL target not found
Refreshing native plugins compatible for Editor in 0.80 ms, found 3 plugins.
Preloading 1 native plugins for Editor in 0.11 ms.
Invoked RoslynAnalysisRunner static constructor.
RoslynAnalysisRunner will not be running.
RoslynAnalysisRunner has terminated.
NullReferenceException: Object reference not set to an instance of an object
  at Unity.XR.Oculus.OculusLoader.AssetPathToAbsolutePath (System.String assetPath) [0x0004c] in D:\Git\ba_2021_voigtlaender_code\2021_ba_voigtlaender\Library\PackageCache\com.unity.xr.oculus@1.8.1\Runtime\OculusLoader.cs:243 
  at Unity.XR.Oculus.OculusLoader.EditorLoadOVRPlugin () [0x000b0] in D:\Git\ba_2021_voigtlaender_code\2021_ba_voigtlaender\Library\PackageCache\com.unity.xr.oculus@1.8.1\Runtime\OculusLoader.cs:228 

(Filename: Library/PackageCache/com.unity.xr.oculus@1.8.1/Runtime/OculusLoader.cs Line: 243)

Mono: successfully reloaded assembly
- Completed reload, in  1.426 seconds
Platform modules already initialized, skipping
Shader 'Universal Render Pipeline/Particles/Lit': fallback shader 'Universal Render Pipeline/Particles/SimpleLit' not found
Refreshing native plugins compatible for Editor in 0.74 ms, found 3 plugins.
Preloading 1 native plugins for Editor in 0.07 ms.
Unloading 2834 Unused Serialized files (Serialized files now loaded: 0)
System memory in use before: 126.1 MB.
System memory in use after: 126.3 MB.

Unloading 7 unused Assets to reduce memory usage. Loaded Objects now: 3434.
Total: 3.304200 ms (FindLiveObjects: 0.372700 ms CreateObjectMapping: 0.267800 ms MarkObjects: 2.571800 ms  DeleteObjects: 0.089900 ms)

========================================================================
Received Import Request.
  Time since last request: 238.747933 seconds.
  path: Assets/Scripts/CoreStructure/VRLogicElement.cs
  artifactKey: Guid(4fc61f6ff43df394298936f6c247887e) Importer(815301076,1909f56bfc062723c751e8b465ee728b)
Start importing Assets/Scripts/CoreStructure/VRLogicElement.cs using Guid(4fc61f6ff43df394298936f6c247887e) Importer(815301076,1909f56bfc062723c751e8b465ee728b)  -> (artifact id: '957e09d3bb0985c46475118717be2917') in 0.008921 seconds
  Import took 0.017746 seconds .

========================================================================
Received Import Request.
  Time since last request: 15.084804 seconds.
  path: Assets/Scripts/CoreStructure/VRConnection.cs
  artifactKey: Guid(e879f57a15995a34ba66a7e6bdfc2a77) Importer(815301076,1909f56bfc062723c751e8b465ee728b)
Start importing Assets/Scripts/CoreStructure/VRConnection.cs using Guid(e879f57a15995a34ba66a7e6bdfc2a77) Importer(815301076,1909f56bfc062723c751e8b465ee728b)  -> (artifact id: 'cc4c2f0dad450e7fa8005d73e359b379') in 0.017632 seconds
  Import took 0.026353 seconds .

========================================================================
Received Prepare
Registering precompiled user dll's ...
Registered in 0.002443 seconds.
Begin MonoManager ReloadAssembly
Native extension for WindowsStandalone target not found
Native extension for WebGL target not found
Refreshing native plugins compatible for Editor in 1.14 ms, found 3 plugins.
Preloading 1 native plugins for Editor in 0.10 ms.
Invoked RoslynAnalysisRunner static constructor.
RoslynAnalysisRunner will not be running.
RoslynAnalysisRunner has terminated.
NullReferenceException: Object reference not set to an instance of an object
  at Unity.XR.Oculus.OculusLoader.AssetPathToAbsolutePath (System.String assetPath) [0x0004c] in D:\Git\ba_2021_voigtlaender_code\2021_ba_voigtlaender\Library\PackageCache\com.unity.xr.oculus@1.8.1\Runtime\OculusLoader.cs:243 
  at Unity.XR.Oculus.OculusLoader.EditorLoadOVRPlugin () [0x000b0] in D:\Git\ba_2021_voigtlaender_code\2021_ba_voigtlaender\Library\PackageCache\com.unity.xr.oculus@1.8.1\Runtime\OculusLoader.cs:228 

(Filename: Library/PackageCache/com.unity.xr.oculus@1.8.1/Runtime/OculusLoader.cs Line: 243)

Mono: successfully reloaded assembly
- Completed reload, in  1.522 seconds
Platform modules already initialized, skipping
Shader 'Universal Render Pipeline/Particles/Lit': fallback shader 'Universal Render Pipeline/Particles/SimpleLit' not found
Refreshing native plugins compatible for Editor in 0.72 ms, found 3 plugins.
Preloading 1 native plugins for Editor in 0.08 ms.
Unloading 2835 Unused Serialized files (Serialized files now loaded: 0)
System memory in use before: 126.1 MB.
System memory in use after: 126.3 MB.

Unloading 7 unused Assets to reduce memory usage. Loaded Objects now: 3439.
Total: 3.358000 ms (FindLiveObjects: 0.382600 ms CreateObjectMapping: 0.266800 ms MarkObjects: 2.596800 ms  DeleteObjects: 0.109700 ms)

========================================================================
Received Prepare
Registering precompiled user dll's ...
Registered in 0.009037 seconds.
Begin MonoManager ReloadAssembly
Native extension for WindowsStandalone target not found
Native extension for WebGL target not found
Refreshing native plugins compatible for Editor in 0.69 ms, found 3 plugins.
Preloading 1 native plugins for Editor in 0.08 ms.
Invoked RoslynAnalysisRunner static constructor.
RoslynAnalysisRunner will not be running.
RoslynAnalysisRunner has terminated.
NullReferenceException: Object reference not set to an instance of an object
  at Unity.XR.Oculus.OculusLoader.AssetPathToAbsolutePath (System.String assetPath) [0x0004c] in D:\Git\ba_2021_voigtlaender_code\2021_ba_voigtlaender\Library\PackageCache\com.unity.xr.oculus@1.8.1\Runtime\OculusLoader.cs:243 
  at Unity.XR.Oculus.OculusLoader.EditorLoadOVRPlugin () [0x000b0] in D:\Git\ba_2021_voigtlaender_code\2021_ba_voigtlaender\Library\PackageCache\com.unity.xr.oculus@1.8.1\Runtime\OculusLoader.cs:228 

(Filename: Library/PackageCache/com.unity.xr.oculus@1.8.1/Runtime/OculusLoader.cs Line: 243)

Mono: successfully reloaded assembly
- Completed reload, in  1.385 seconds
Platform modules already initialized, skipping
Shader 'Universal Render Pipeline/Particles/Lit': fallback shader 'Universal Render Pipeline/Particles/SimpleLit' not found
Refreshing native plugins compatible for Editor in 0.67 ms, found 3 plugins.
Preloading 1 native plugins for Editor in 0.07 ms.
Unloading 2835 Unused Serialized files (Serialized files now loaded: 0)
System memory in use before: 126.1 MB.
System memory in use after: 126.3 MB.

Unloading 7 unused Assets to reduce memory usage. Loaded Objects now: 3443.
Total: 3.805700 ms (FindLiveObjects: 0.292400 ms CreateObjectMapping: 0.240100 ms MarkObjects: 2.995000 ms  DeleteObjects: 0.275600 ms)

========================================================================
Received Import Request.
  Time since last request: 253.379252 seconds.
  path: Assets/Scripts/CoreStructure/VRConnection.cs
  artifactKey: Guid(e879f57a15995a34ba66a7e6bdfc2a77) Importer(815301076,1909f56bfc062723c751e8b465ee728b)
Start importing Assets/Scripts/CoreStructure/VRConnection.cs using Guid(e879f57a15995a34ba66a7e6bdfc2a77) Importer(815301076,1909f56bfc062723c751e8b465ee728b)  -> (artifact id: 'e7dea9452ec1f8938f403b9fde30fb33') in 0.013895 seconds
  Import took 0.025187 seconds .

========================================================================
Received Import Request.
  Time since last request: 800.061647 seconds.
  path: Assets/Scripts/CoreStructure/VRVariable.cs
  artifactKey: Guid(ef12becb0d2ca4e498634c835b06b92d) Importer(815301076,1909f56bfc062723c751e8b465ee728b)
Start importing Assets/Scripts/CoreStructure/VRVariable.cs using Guid(ef12becb0d2ca4e498634c835b06b92d) Importer(815301076,1909f56bfc062723c751e8b465ee728b)  -> (artifact id: 'c1479e644a47c9e4bcc08ce7f30f79e3') in 0.029698 seconds
  Import took 0.045545 seconds .

========================================================================
Received Import Request.
  Time since last request: 0.001277 seconds.
  path: Assets/Scripts/CoreStructure/VRVariable.cs
  artifactKey: Guid(ef12becb0d2ca4e498634c835b06b92d) Importer(815301076,1909f56bfc062723c751e8b465ee728b)
Start importing Assets/Scripts/CoreStructure/VRVariable.cs using Guid(ef12becb0d2ca4e498634c835b06b92d) Importer(815301076,1909f56bfc062723c751e8b465ee728b)  -> (artifact id: 'c1479e644a47c9e4bcc08ce7f30f79e3') in 0.009885 seconds
  Import took 0.025547 seconds .

========================================================================
Received Prepare
Registering precompiled user dll's ...
Registered in 0.002458 seconds.
Begin MonoManager ReloadAssembly
Native extension for WindowsStandalone target not found
Native extension for WebGL target not found
Refreshing native plugins compatible for Editor in 0.71 ms, found 3 plugins.
Preloading 1 native plugins for Editor in 0.10 ms.
Invoked RoslynAnalysisRunner static constructor.
RoslynAnalysisRunner will not be running.
RoslynAnalysisRunner has terminated.
NullReferenceException: Object reference not set to an instance of an object
  at Unity.XR.Oculus.OculusLoader.AssetPathToAbsolutePath (System.String assetPath) [0x0004c] in D:\Git\ba_2021_voigtlaender_code\2021_ba_voigtlaender\Library\PackageCache\com.unity.xr.oculus@1.8.1\Runtime\OculusLoader.cs:243 
  at Unity.XR.Oculus.OculusLoader.EditorLoadOVRPlugin () [0x000b0] in D:\Git\ba_2021_voigtlaender_code\2021_ba_voigtlaender\Library\PackageCache\com.unity.xr.oculus@1.8.1\Runtime\OculusLoader.cs:228 

(Filename: Library/PackageCache/com.unity.xr.oculus@1.8.1/Runtime/OculusLoader.cs Line: 243)

Mono: successfully reloaded assembly
- Completed reload, in  1.537 seconds
Platform modules already initialized, skipping
Shader 'Universal Render Pipeline/Particles/Lit': fallback shader 'Universal Render Pipeline/Particles/SimpleLit' not found
Refreshing native plugins compatible for Editor in 0.69 ms, found 3 plugins.
Preloading 1 native plugins for Editor in 0.07 ms.
Unloading 2836 Unused Serialized files (Serialized files now loaded: 0)
System memory in use before: 126.2 MB.
System memory in use after: 126.4 MB.

Unloading 7 unused Assets to reduce memory usage. Loaded Objects now: 3448.
Total: 2.819500 ms (FindLiveObjects: 0.309600 ms CreateObjectMapping: 0.150800 ms MarkObjects: 2.283900 ms  DeleteObjects: 0.073800 ms)

========================================================================
Received Prepare
Registering precompiled user dll's ...
Registered in 0.002652 seconds.
Begin MonoManager ReloadAssembly
Native extension for WindowsStandalone target not found
Native extension for WebGL target not found
Refreshing native plugins compatible for Editor in 1.12 ms, found 3 plugins.
Preloading 1 native plugins for Editor in 0.11 ms.
Invoked RoslynAnalysisRunner static constructor.
RoslynAnalysisRunner will not be running.
RoslynAnalysisRunner has terminated.
NullReferenceException: Object reference not set to an instance of an object
  at Unity.XR.Oculus.OculusLoader.AssetPathToAbsolutePath (System.String assetPath) [0x0004c] in D:\Git\ba_2021_voigtlaender_code\2021_ba_voigtlaender\Library\PackageCache\com.unity.xr.oculus@1.8.1\Runtime\OculusLoader.cs:243 
  at Unity.XR.Oculus.OculusLoader.EditorLoadOVRPlugin () [0x000b0] in D:\Git\ba_2021_voigtlaender_code\2021_ba_voigtlaender\Library\PackageCache\com.unity.xr.oculus@1.8.1\Runtime\OculusLoader.cs:228 

(Filename: Library/PackageCache/com.unity.xr.oculus@1.8.1/Runtime/OculusLoader.cs Line: 243)

Mono: successfully reloaded assembly
- Completed reload, in  1.688 seconds
Platform modules already initialized, skipping
Shader 'Universal Render Pipeline/Particles/Lit': fallback shader 'Universal Render Pipeline/Particles/SimpleLit' not found
Refreshing native plugins compatible for Editor in 0.73 ms, found 3 plugins.
Preloading 1 native plugins for Editor in 0.07 ms.
Unloading 2836 Unused Serialized files (Serialized files now loaded: 0)
System memory in use before: 126.2 MB.
System memory in use after: 126.4 MB.

Unloading 7 unused Assets to reduce memory usage. Loaded Objects now: 3452.
Total: 3.676700 ms (FindLiveObjects: 0.501500 ms CreateObjectMapping: 0.504600 ms MarkObjects: 2.579500 ms  DeleteObjects: 0.088800 ms)

========================================================================
Received Import Request.
  Time since last request: 1571.257049 seconds.
  path: Assets/Scripts/CoreStructure/VRData.cs
  artifactKey: Guid(a2beb3fbbd84cdb46ba1dc067893d23c) Importer(815301076,1909f56bfc062723c751e8b465ee728b)
Start importing Assets/Scripts/CoreStructure/VRData.cs using Guid(a2beb3fbbd84cdb46ba1dc067893d23c) Importer(815301076,1909f56bfc062723c751e8b465ee728b)  -> (artifact id: 'c24e4ddeb046216a841f2a40dfc3f3bc') in 0.018859 seconds
  Import took 0.028380 seconds .

========================================================================
Received Prepare
Registering precompiled user dll's ...
Registered in 0.002286 seconds.
Begin MonoManager ReloadAssembly
Native extension for WindowsStandalone target not found
Native extension for WebGL target not found
Refreshing native plugins compatible for Editor in 0.69 ms, found 3 plugins.
Preloading 1 native plugins for Editor in 0.08 ms.
Invoked RoslynAnalysisRunner static constructor.
RoslynAnalysisRunner will not be running.
RoslynAnalysisRunner has terminated.
NullReferenceException: Object reference not set to an instance of an object
  at Unity.XR.Oculus.OculusLoader.AssetPathToAbsolutePath (System.String assetPath) [0x0004c] in D:\Git\ba_2021_voigtlaender_code\2021_ba_voigtlaender\Library\PackageCache\com.unity.xr.oculus@1.8.1\Runtime\OculusLoader.cs:243 
  at Unity.XR.Oculus.OculusLoader.EditorLoadOVRPlugin () [0x000b0] in D:\Git\ba_2021_voigtlaender_code\2021_ba_voigtlaender\Library\PackageCache\com.unity.xr.oculus@1.8.1\Runtime\OculusLoader.cs:228 

(Filename: Library/PackageCache/com.unity.xr.oculus@1.8.1/Runtime/OculusLoader.cs Line: 243)

Mono: successfully reloaded assembly
- Completed reload, in  1.604 seconds
Platform modules already initialized, skipping
Shader 'Universal Render Pipeline/Particles/Lit': fallback shader 'Universal Render Pipeline/Particles/SimpleLit' not found
Refreshing native plugins compatible for Editor in 1.22 ms, found 3 plugins.
Preloading 1 native plugins for Editor in 0.09 ms.
Unloading 2837 Unused Serialized files (Serialized files now loaded: 0)
System memory in use before: 126.2 MB.
System memory in use after: 126.4 MB.

Unloading 7 unused Assets to reduce memory usage. Loaded Objects now: 3457.
Total: 3.121600 ms (FindLiveObjects: 0.382200 ms CreateObjectMapping: 0.147800 ms MarkObjects: 2.470400 ms  DeleteObjects: 0.119500 ms)

========================================================================
Received Import Request.
  Time since last request: 12647.698782 seconds.
  path: Assets/Scripts/CoreStructure/VRData.cs
  artifactKey: Guid(a2beb3fbbd84cdb46ba1dc067893d23c) Importer(815301076,1909f56bfc062723c751e8b465ee728b)
Start importing Assets/Scripts/CoreStructure/VRData.cs using Guid(a2beb3fbbd84cdb46ba1dc067893d23c) Importer(815301076,1909f56bfc062723c751e8b465ee728b)  -> (artifact id: '0cec022216f7e85d16b3e7f90d4f6ee9') in 0.027740 seconds
  Import took 0.053830 seconds .

========================================================================
Received Prepare
Registering precompiled user dll's ...
Registered in 0.009305 seconds.
Begin MonoManager ReloadAssembly
Native extension for WindowsStandalone target not found
Native extension for WebGL target not found
Refreshing native plugins compatible for Editor in 0.74 ms, found 3 plugins.
Preloading 1 native plugins for Editor in 0.09 ms.
Invoked RoslynAnalysisRunner static constructor.
RoslynAnalysisRunner will not be running.
RoslynAnalysisRunner has terminated.
NullReferenceException: Object reference not set to an instance of an object
  at Unity.XR.Oculus.OculusLoader.AssetPathToAbsolutePath (System.String assetPath) [0x0004c] in D:\Git\ba_2021_voigtlaender_code\2021_ba_voigtlaender\Library\PackageCache\com.unity.xr.oculus@1.8.1\Runtime\OculusLoader.cs:243 
  at Unity.XR.Oculus.OculusLoader.EditorLoadOVRPlugin () [0x000b0] in D:\Git\ba_2021_voigtlaender_code\2021_ba_voigtlaender\Library\PackageCache\com.unity.xr.oculus@1.8.1\Runtime\OculusLoader.cs:228 

(Filename: Library/PackageCache/com.unity.xr.oculus@1.8.1/Runtime/OculusLoader.cs Line: 243)

Mono: successfully reloaded assembly
- Completed reload, in  1.431 seconds
Platform modules already initialized, skipping
Shader 'Universal Render Pipeline/Particles/Lit': fallback shader 'Universal Render Pipeline/Particles/SimpleLit' not found
Refreshing native plugins compatible for Editor in 0.70 ms, found 3 plugins.
Preloading 1 native plugins for Editor in 0.07 ms.
Unloading 2837 Unused Serialized files (Serialized files now loaded: 0)
System memory in use before: 126.2 MB.
System memory in use after: 126.4 MB.

Unloading 7 unused Assets to reduce memory usage. Loaded Objects now: 3461.
Total: 3.617100 ms (FindLiveObjects: 0.397000 ms CreateObjectMapping: 0.279600 ms MarkObjects: 2.825600 ms  DeleteObjects: 0.112700 ms)

AssetImportWorkerClient::OnTransportError - code=2 error=End of file
